[debug] [2020-03-25T04:00:30.061Z] ----------------------------------------------------------------------
[debug] [2020-03-25T04:00:30.063Z] Command:       /usr/local/bin/firebase /Users/ducbui/.cache/firebase/tools/lib/node_modules/firebase-tools/lib/bin/firebase init
[debug] [2020-03-25T04:00:30.063Z] CLI Version:   7.16.1
[debug] [2020-03-25T04:00:30.063Z] Platform:      darwin
[debug] [2020-03-25T04:00:30.063Z] Node Version:  v12.13.1
[debug] [2020-03-25T04:00:30.064Z] Time:          Wed Mar 25 2020 11:00:30 GMT+0700 (Indochina Time)
[debug] [2020-03-25T04:00:30.064Z] ----------------------------------------------------------------------
[debug] [2020-03-25T04:00:30.065Z] 
[debug] [2020-03-25T04:00:30.076Z] > command requires scopes: ["email","openid","https://www.googleapis.com/auth/cloudplatformprojects.readonly","https://www.googleapis.com/auth/firebase","https://www.googleapis.com/auth/cloud-platform"]
[debug] [2020-03-25T04:00:30.076Z] > authorizing via signed-in user
[info] 
     ######## #### ########  ######## ########     ###     ######  ########
     ##        ##  ##     ## ##       ##     ##  ##   ##  ##       ##
     ######    ##  ########  ######   ########  #########  ######  ######
     ##        ##  ##    ##  ##       ##     ## ##     ##       ## ##
     ##       #### ##     ## ######## ########  ##     ##  ######  ########

You're about to initialize a Firebase project in this directory:

  /Users/ducbui/Documents/Coding/Norona

[info] 
=== Project Setup
[info] 
[info] First, let's associate this project directory with a Firebase project.
[info] You can create multiple project aliases by running firebase use --add, 
[info] but for now we'll just set up a default project.
[info] 
[info] i  If you want to create a project in a Google Cloud organization or folder, please use "firebase projects:create" instead, and return to this command when you've created the project.
[debug] [2020-03-25T04:01:27.472Z] >>> HTTP REQUEST POST https://cloudresourcemanager.googleapis.com/v1/projects  

[debug] [2020-03-25T04:01:28.752Z] <<< HTTP RESPONSE 400
[debug] [2020-03-25T04:01:28.755Z] <<< HTTP RESPONSE BODY
[debug] [2020-03-25T04:01:28.757Z] HTTP Error: 400, field [project_id] has issue [project_id contains invalid characters]
[debug] [2020-03-25T04:01:28.761Z] FirebaseError: HTTP Error: 400, field [project_id] has issue [project_id contains invalid characters]
    at module.exports (/Users/ducbui/.cache/firebase/tools/lib/node_modules/firebase-tools/lib/responseToError.js:38:12)
    at Request._callback (/Users/ducbui/.cache/firebase/tools/lib/node_modules/firebase-tools/lib/api.js:40:35)
    at Request.self.callback (/Users/ducbui/.cache/firebase/tools/lib/node_modules/request/request.js:185:22)
    at Request.emit (events.js:210:5)
    at Request.EventEmitter.emit (domain.js:475:20)
    at Request.<anonymous> (/Users/ducbui/.cache/firebase/tools/lib/node_modules/request/request.js:1154:10)
    at Request.emit (events.js:210:5)
    at Request.EventEmitter.emit (domain.js:475:20)
    at IncomingMessage.<anonymous> (/Users/ducbui/.cache/firebase/tools/lib/node_modules/request/request.js:1076:12)
    at Object.onceWrapper (events.js:299:28)
    at IncomingMessage.emit (events.js:215:7)
    at IncomingMessage.EventEmitter.emit (domain.js:475:20)
    at endReadableNT (_stream_readable.js:1184:12)
    at processTicksAndRejections (internal/process/task_queues.js:80:21)
[error] 
[error] Error: Failed to create Google Cloud project. See firebase-debug.log for more info.
[debug] [2020-03-25T04:01:48.482Z] ----------------------------------------------------------------------
[debug] [2020-03-25T04:01:48.485Z] Command:       /usr/local/bin/firebase /Users/ducbui/.cache/firebase/tools/lib/node_modules/firebase-tools/lib/bin/firebase init
[debug] [2020-03-25T04:01:48.486Z] CLI Version:   7.16.1
[debug] [2020-03-25T04:01:48.486Z] Platform:      darwin
[debug] [2020-03-25T04:01:48.486Z] Node Version:  v12.13.1
[debug] [2020-03-25T04:01:48.487Z] Time:          Wed Mar 25 2020 11:01:48 GMT+0700 (Indochina Time)
[debug] [2020-03-25T04:01:48.487Z] ----------------------------------------------------------------------
[debug] [2020-03-25T04:01:48.487Z] 
[debug] [2020-03-25T04:01:48.497Z] > command requires scopes: ["email","openid","https://www.googleapis.com/auth/cloudplatformprojects.readonly","https://www.googleapis.com/auth/firebase","https://www.googleapis.com/auth/cloud-platform"]
[debug] [2020-03-25T04:01:48.497Z] > authorizing via signed-in user
[info] 
     ######## #### ########  ######## ########     ###     ######  ########
     ##        ##  ##     ## ##       ##     ##  ##   ##  ##       ##
     ######    ##  ########  ######   ########  #########  ######  ######
     ##        ##  ##    ##  ##       ##     ## ##     ##       ## ##
     ##       #### ##     ## ######## ########  ##     ##  ######  ########

You're about to initialize a Firebase project in this directory:

  /Users/ducbui/Documents/Coding/Norona

[info] 
=== Project Setup
[info] 
[info] First, let's associate this project directory with a Firebase project.
[info] You can create multiple project aliases by running firebase use --add, 
[info] but for now we'll just set up a default project.
[info] 
[info] i  If you want to create a project in a Google Cloud organization or folder, please use "firebase projects:create" instead, and return to this command when you've created the project.
[debug] [2020-03-25T04:02:10.922Z] >>> HTTP REQUEST POST https://cloudresourcemanager.googleapis.com/v1/projects  

[debug] [2020-03-25T04:02:12.129Z] <<< HTTP RESPONSE 400
[debug] [2020-03-25T04:02:12.130Z] <<< HTTP RESPONSE BODY
[debug] [2020-03-25T04:02:12.131Z] HTTP Error: 400, field [project_id] has issue [project_id contains invalid characters]
[debug] [2020-03-25T04:02:12.133Z] FirebaseError: HTTP Error: 400, field [project_id] has issue [project_id contains invalid characters]
    at module.exports (/Users/ducbui/.cache/firebase/tools/lib/node_modules/firebase-tools/lib/responseToError.js:38:12)
    at Request._callback (/Users/ducbui/.cache/firebase/tools/lib/node_modules/firebase-tools/lib/api.js:40:35)
    at Request.self.callback (/Users/ducbui/.cache/firebase/tools/lib/node_modules/request/request.js:185:22)
    at Request.emit (events.js:210:5)
    at Request.EventEmitter.emit (domain.js:475:20)
    at Request.<anonymous> (/Users/ducbui/.cache/firebase/tools/lib/node_modules/request/request.js:1154:10)
    at Request.emit (events.js:210:5)
    at Request.EventEmitter.emit (domain.js:475:20)
    at IncomingMessage.<anonymous> (/Users/ducbui/.cache/firebase/tools/lib/node_modules/request/request.js:1076:12)
    at Object.onceWrapper (events.js:299:28)
    at IncomingMessage.emit (events.js:215:7)
    at IncomingMessage.EventEmitter.emit (domain.js:475:20)
    at endReadableNT (_stream_readable.js:1184:12)
    at processTicksAndRejections (internal/process/task_queues.js:80:21)
[error] 
[error] Error: Failed to create Google Cloud project. See firebase-debug.log for more info.
